<?xml version="1.0" encoding="UTF-8"?>
<!-- Generated by org.testng.reporters.JUnitReportReporter -->
<testsuite hostname="LAPTOP-ODIG1B3S" failures="0" tests="3" name="Assignment.NOPCommerce" time="5.931" errors="0" timestamp="2023-03-19T07:36:42 MDT" skipped="0">
  <testcase classname="Assignment.NOPCommerce" name="NavigatetoPage" time="2.404"/>
  <system-out/>
  <testcase classname="Assignment.NOPCommerce" name="LogIn" time="2.067"/>
  <system-out/>
  <testcase classname="Assignment.NOPCommerce" name="DashboardOrders" time="1.460"/>
  <system-out/>
</testsuite> <!-- Assignment.NOPCommerce -->
